This is pdfTeX, Version 3.14159265-2.6-1.40.18 (TeX Live 2017) (preloaded format=pdflatex 2017.5.23)  19 JUL 2017 07:26
entering extended mode
 restricted \write18 enabled.
 file:line:error style messages enabled.
 %&-line parsing enabled.
**/Users/didionjp/projects/atropos/paper/manuscript/main/tex/main.tex
(/Users/didionjp/projects/atropos/paper/manuscript/main/tex/main.tex
LaTeX2e <2017-04-15>
Babel <3.10> and hyphenation patterns for 84 language(s) loaded.

! LaTeX Error: File `wlpeerj.cls' not found.

Type X to quit or <RETURN> to proceed,
or enter new name. (Default extension: cls)

Enter file name: 
/Users/didionjp/projects/atropos/paper/manuscript/main/tex/main.tex:4: Emergenc
y stop.
<read *> 
         
l.4 ^^M
       
*** (cannot \read from terminal in nonstop modes)

 
Here is how much of TeX's memory you used:
 11 strings out of 492995
 347 string characters out of 6132704
 54074 words of memory out of 5000000
 3661 multiletter control sequences out of 15000+600000
 3640 words of font info for 14 fonts, out of 8000000 for 9000
 1141 hyphenation exceptions out of 8191
 10i,0n,7p,138b,8s stack positions out of 5000i,500n,10000p,200000b,80000s
/Users/didionjp/projects/atropos/paper/manuscript/main/tex/main.tex:4:  ==> Fat
al error occurred, no output PDF file produced!
